<?xml version="1.0" encoding="UTF-8"?>
<testng-results ignored="0" total="1" passed="1" failed="0" skipped="0">
  <reporter-output>
  </reporter-output>
  <suite started-at="2022-11-03T20:50:35 IST" name="Default suite" finished-at="2022-11-03T20:50:41 IST" duration-ms="5106">
    <groups>
    </groups>
    <test started-at="2022-11-03T20:50:35 IST" name="Default test" finished-at="2022-11-03T20:50:41 IST" duration-ms="5106">
      <class name="tesng.Acti">
        <test-method signature="test1()[pri:0, instance:tesng.Acti@732c2a62]" started-at="2022-11-03T20:50:35 IST" name="test1" finished-at="2022-11-03T20:50:41 IST" duration-ms="5070" status="PASS">
          <reporter-output>
          </reporter-output>
        </test-method> <!-- test1 -->
      </class> <!-- tesng.Acti -->
    </test> <!-- Default test -->
  </suite> <!-- Default suite -->
</testng-results>
